<?xml version="1.0" encoding="UTF-8"?>
<!-- Generated by org.testng.reporters.JUnitReportReporter -->
<testsuite hostname="Sandeep" failures="0" tests="1" name="com.dividend.test.AppTest" time="55.919" errors="0" timestamp="2022-11-19T18:42:44 IST" skipped="0">
  <testcase classname="com.dividend.test.AppTest" name="GetDividendData" time="55.919"/>
  <system-out/>
</testsuite> <!-- com.dividend.test.AppTest -->
