<?xml version="1.0" encoding="UTF-8"?>
<!-- Generated by org.testng.reporters.JUnitReportReporter -->
<testsuite hostname="Sandeep" failures="0" tests="1" name="com.dividend.test.DividendsRetrival" time="51.356" errors="0" timestamp="2022-11-20T08:20:30 IST" skipped="0">
  <testcase classname="com.dividend.test.DividendsRetrival" name="GetDividendData" time="51.356"/>
  <system-out/>
</testsuite> <!-- com.dividend.test.DividendsRetrival -->
